#
# A fatal error has been detected by the Java Runtime Environment:
#
#  EXCEPTION_ACCESS_VIOLATION (0xc0000005) at pc=0x59b96269, pid=5352, tid=5652
#
# JRE version: Java(TM) SE Runtime Environment (8.0_05-b13) (build 1.8.0_05-b13)
# Java VM: Java HotSpot(TM) Client VM (25.5-b02 mixed mode, sharing windows-x86 )
# Problematic frame:
# C  [filesystem.dll+0x6269]
#
# Failed to write core dump. Minidumps are not enabled by default on client versions of Windows
#
# If you would like to submit a bug report, please visit:
#   http://bugreport.sun.com/bugreport/crash.jsp
# The crash happened outside the Java Virtual Machine in native code.
# See problematic frame for where to report the bug.
#

---------------  T H R E A D  ---------------

Current thread (0x15d15400):  JavaThread "AWT-EventQueue-0" [_thread_in_native, id=5652, stack(0x15eb0000,0x15f00000)]

siginfo: ExceptionCode=0xc0000005, reading address 0x0000005c

Registers:
EAX=0x00000000, EBX=0x00000001, ECX=0x15e1e8a8, EDX=0x0215bbb8
ESP=0x15efe6d8, EBP=0x15efe6e8, ESI=0x151af738, EDI=0x15d15400
EIP=0x59b96269, EFLAGS=0x00010216

Top of Stack: (sp=0x15efe6d8)
0x15efe6d8:   15d15400 151af738 151af738 00000001
0x15efe6e8:   15efe72c 0272be03 15d15530 15efe740
0x15efe6f8:   00000001 0272bc20 151b8d68 151af738
0x15efe708:   0272bbf6 15efe70c 151af738 15efe740
0x15efe718:   151b01a8 00000000 151af738 00000000
0x15efe728:   15efe73c 15efe764 02724054 00000000
0x15efe738:   027287f6 00000001 04d2a2d0 15efe744
0x15efe748:   151b61e8 15efe778 151b6430 00000000 

Instructions: (pc=0x59b96269)
0x59b96249:   89 3d 24 e6 b9 59 e8 65 23 00 00 83 c4 04 8b 55
0x59b96259:   10 8d 44 24 0c 89 54 24 0c e8 19 d4 ff ff 8b 00
0x59b96269:   8b 78 5c 8b 75 08 8b 48 58 8b 16 8b 82 c0 02 00
0x59b96279:   00 57 56 89 4c 24 14 ff d0 8b 54 24 0c 8b 0e 52 


Register to memory mapping:

EAX=0x00000000 is an unknown value
EBX=0x00000001 is an unknown value
ECX=0x15e1e8a8 is an unknown value
EDX=0x0215bbb8 is an unknown value
ESP=0x15efe6d8 is pointing into the stack for thread: 0x15d15400
EBP=0x15efe6e8 is pointing into the stack for thread: 0x15d15400
ESI=0x151af738 is an unknown value
EDI=0x15d15400 is a thread


Stack: [0x15eb0000,0x15f00000],  sp=0x15efe6d8,  free space=313k
Native frames: (J=compiled Java code, j=interpreted, Vv=VM code, C=native code)
C  [filesystem.dll+0x6269]
j  DLLFunctions.fileGetData(I)[B+0
j  MainFrame$3.valueChanged(Ljavax/swing/event/TreeSelectionEvent;)V+424
j  javax.swing.JTree.fireValueChanged(Ljavax/swing/event/TreeSelectionEvent;)V+35
j  javax.swing.JTree$TreeSelectionRedirector.valueChanged(Ljavax/swing/event/TreeSelectionEvent;)V+17
j  javax.swing.tree.DefaultTreeSelectionModel.fireValueChanged(Ljavax/swing/event/TreeSelectionEvent;)V+34
j  javax.swing.tree.DefaultTreeSelectionModel.notifyPathChange(Ljava/util/Vector;Ljavax/swing/tree/TreePath;)V+84
j  javax.swing.tree.DefaultTreeSelectionModel.setSelectionPaths([Ljavax/swing/tree/TreePath;)V+387
j  javax.swing.tree.DefaultTreeSelectionModel.setSelectionPath(Ljavax/swing/tree/TreePath;)V+23
j  javax.swing.JTree.setSelectionPath(Ljavax/swing/tree/TreePath;)V+5
j  javax.swing.plaf.basic.BasicTreeUI.selectPathForEvent(Ljavax/swing/tree/TreePath;Ljava/awt/event/MouseEvent;)V+266
j  javax.swing.plaf.basic.BasicTreeUI$Handler.handleSelection(Ljava/awt/event/MouseEvent;)V+136
j  javax.swing.plaf.basic.BasicTreeUI$Handler.mousePressed(Ljava/awt/event/MouseEvent;)V+129
j  java.awt.Component.processMouseEvent(Ljava/awt/event/MouseEvent;)V+54
j  javax.swing.JComponent.processMouseEvent(Ljava/awt/event/MouseEvent;)V+23
j  java.awt.Component.processEvent(Ljava/awt/AWTEvent;)V+81
j  java.awt.Container.processEvent(Ljava/awt/AWTEvent;)V+18
j  java.awt.Component.dispatchEventImpl(Ljava/awt/AWTEvent;)V+589
J 313 C1 java.awt.Container.dispatchEventImpl(Ljava/awt/AWTEvent;)V (129 bytes) @ 0x02825afc [0x02825aa0+0x5c]
J 193 C1 java.awt.LightweightDispatcher.retargetMouseEvent(Ljava/awt/Component;ILjava/awt/event/MouseEvent;)V (350 bytes) @ 0x02802bac [0x02802570+0x63c]
j  java.awt.LightweightDispatcher.processMouseEvent(Ljava/awt/event/MouseEvent;)Z+130
j  java.awt.LightweightDispatcher.dispatchEvent(Ljava/awt/AWTEvent;)Z+50
J 313 C1 java.awt.Container.dispatchEventImpl(Ljava/awt/AWTEvent;)V (129 bytes) @ 0x02825ae0 [0x02825aa0+0x40]
j  java.awt.Window.dispatchEventImpl(Ljava/awt/AWTEvent;)V+19
J 267 C1 java.awt.EventQueue.dispatchEventImpl(Ljava/awt/AWTEvent;Ljava/lang/Object;)V (149 bytes) @ 0x02818c48 [0x02818870+0x3d8]
J 264 C1 java.awt.EventQueue$3.run()Ljava/lang/Void; (60 bytes) @ 0x0281801c [0x02817fc0+0x5c]
J 263 C1 java.awt.EventQueue$3.run()Ljava/lang/Object; (5 bytes) @ 0x02817da0 [0x02817d80+0x20]
v  ~StubRoutines::call_stub
V  [jvm.dll+0x142285]
V  [jvm.dll+0x2070be]
V  [jvm.dll+0x14231e]
V  [jvm.dll+0xf99ed]
C  [java.dll+0x102f]
J 227 C1 java.security.ProtectionDomain$1.doIntersectionPrivilege(Ljava/security/PrivilegedAction;Ljava/security/AccessControlContext;Ljava/security/AccessControlContext;)Ljava/lang/Object; (32 bytes) @ 0x0280c414 [0x0280c370+0xa4]
j  java.security.ProtectionDomain$1.doIntersectionPrivilege(Ljava/security/PrivilegedAction;Ljava/security/AccessControlContext;)Ljava/lang/Object;+6
j  java.awt.EventQueue$4.run()Ljava/lang/Void;+11
j  java.awt.EventQueue$4.run()Ljava/lang/Object;+1
v  ~StubRoutines::call_stub
V  [jvm.dll+0x142285]
V  [jvm.dll+0x2070be]
V  [jvm.dll+0x14231e]
V  [jvm.dll+0xf99ed]
C  [java.dll+0x102f]
J 259 C1 java.awt.EventQueue.dispatchEvent(Ljava/awt/AWTEvent;)V (80 bytes) @ 0x02816d34 [0x02816a80+0x2b4]
J 209 C1 java.awt.EventDispatchThread.pumpOneEventForFilters(I)V (295 bytes) @ 0x02806958 [0x028062c0+0x698]
j  java.awt.EventDispatchThread.pumpEventsForFilter(ILjava/awt/Conditional;Ljava/awt/EventFilter;)V+35
j  java.awt.EventDispatchThread.pumpEventsForHierarchy(ILjava/awt/Conditional;Ljava/awt/Component;)V+11
j  java.awt.EventDispatchThread.pumpEvents(ILjava/awt/Conditional;)V+4
j  java.awt.EventDispatchThread.pumpEvents(Ljava/awt/Conditional;)V+3
j  java.awt.EventDispatchThread.run()V+9
v  ~StubRoutines::call_stub
V  [jvm.dll+0x142285]
V  [jvm.dll+0x2070be]
V  [jvm.dll+0x14231e]
V  [jvm.dll+0x1424a6]
V  [jvm.dll+0x142517]
V  [jvm.dll+0xede0f]
V  [jvm.dll+0x1645fc]
V  [jvm.dll+0x164e8a]
V  [jvm.dll+0x1a9186]
C  [msvcr100.dll+0x5c556]
C  [msvcr100.dll+0x5c600]
C  [kernel32.dll+0x1338a]
C  [ntdll.dll+0x39f72]
C  [ntdll.dll+0x39f45]

Java frames: (J=compiled Java code, j=interpreted, Vv=VM code)
j  DLLFunctions.fileGetData(I)[B+0
j  MainFrame$3.valueChanged(Ljavax/swing/event/TreeSelectionEvent;)V+424
j  javax.swing.JTree.fireValueChanged(Ljavax/swing/event/TreeSelectionEvent;)V+35
j  javax.swing.JTree$TreeSelectionRedirector.valueChanged(Ljavax/swing/event/TreeSelectionEvent;)V+17
j  javax.swing.tree.DefaultTreeSelectionModel.fireValueChanged(Ljavax/swing/event/TreeSelectionEvent;)V+34
j  javax.swing.tree.DefaultTreeSelectionModel.notifyPathChange(Ljava/util/Vector;Ljavax/swing/tree/TreePath;)V+84
j  javax.swing.tree.DefaultTreeSelectionModel.setSelectionPaths([Ljavax/swing/tree/TreePath;)V+387
j  javax.swing.tree.DefaultTreeSelectionModel.setSelectionPath(Ljavax/swing/tree/TreePath;)V+23
j  javax.swing.JTree.setSelectionPath(Ljavax/swing/tree/TreePath;)V+5
j  javax.swing.plaf.basic.BasicTreeUI.selectPathForEvent(Ljavax/swing/tree/TreePath;Ljava/awt/event/MouseEvent;)V+266
j  javax.swing.plaf.basic.BasicTreeUI$Handler.handleSelection(Ljava/awt/event/MouseEvent;)V+136
j  javax.swing.plaf.basic.BasicTreeUI$Handler.mousePressed(Ljava/awt/event/MouseEvent;)V+129
j  java.awt.Component.processMouseEvent(Ljava/awt/event/MouseEvent;)V+54
j  javax.swing.JComponent.processMouseEvent(Ljava/awt/event/MouseEvent;)V+23
j  java.awt.Component.processEvent(Ljava/awt/AWTEvent;)V+81
j  java.awt.Container.processEvent(Ljava/awt/AWTEvent;)V+18
j  java.awt.Component.dispatchEventImpl(Ljava/awt/AWTEvent;)V+589
J 313 C1 java.awt.Container.dispatchEventImpl(Ljava/awt/AWTEvent;)V (129 bytes) @ 0x02825afc [0x02825aa0+0x5c]
J 193 C1 java.awt.LightweightDispatcher.retargetMouseEvent(Ljava/awt/Component;ILjava/awt/event/MouseEvent;)V (350 bytes) @ 0x02802bac [0x02802570+0x63c]
j  java.awt.LightweightDispatcher.processMouseEvent(Ljava/awt/event/MouseEvent;)Z+130
j  java.awt.LightweightDispatcher.dispatchEvent(Ljava/awt/AWTEvent;)Z+50
J 313 C1 java.awt.Container.dispatchEventImpl(Ljava/awt/AWTEvent;)V (129 bytes) @ 0x02825ae0 [0x02825aa0+0x40]
j  java.awt.Window.dispatchEventImpl(Ljava/awt/AWTEvent;)V+19
J 267 C1 java.awt.EventQueue.dispatchEventImpl(Ljava/awt/AWTEvent;Ljava/lang/Object;)V (149 bytes) @ 0x02818c48 [0x02818870+0x3d8]
J 264 C1 java.awt.EventQueue$3.run()Ljava/lang/Void; (60 bytes) @ 0x0281801c [0x02817fc0+0x5c]
J 263 C1 java.awt.EventQueue$3.run()Ljava/lang/Object; (5 bytes) @ 0x02817da0 [0x02817d80+0x20]
v  ~StubRoutines::call_stub
J 224  java.security.AccessController.doPrivileged(Ljava/security/PrivilegedAction;Ljava/security/AccessControlContext;)Ljava/lang/Object; (0 bytes) @ 0x0280bd07 [0x0280bca0+0x67]
J 227 C1 java.security.ProtectionDomain$1.doIntersectionPrivilege(Ljava/security/PrivilegedAction;Ljava/security/AccessControlContext;Ljava/security/AccessControlContext;)Ljava/lang/Object; (32 bytes) @ 0x0280c414 [0x0280c370+0xa4]
j  java.security.ProtectionDomain$1.doIntersectionPrivilege(Ljava/security/PrivilegedAction;Ljava/security/AccessControlContext;)Ljava/lang/Object;+6
j  java.awt.EventQueue$4.run()Ljava/lang/Void;+11
j  java.awt.EventQueue$4.run()Ljava/lang/Object;+1
v  ~StubRoutines::call_stub
J 224  java.security.AccessController.doPrivileged(Ljava/security/PrivilegedAction;Ljava/security/AccessControlContext;)Ljava/lang/Object; (0 bytes) @ 0x0280bd07 [0x0280bca0+0x67]
J 259 C1 java.awt.EventQueue.dispatchEvent(Ljava/awt/AWTEvent;)V (80 bytes) @ 0x02816d34 [0x02816a80+0x2b4]
J 209 C1 java.awt.EventDispatchThread.pumpOneEventForFilters(I)V (295 bytes) @ 0x02806958 [0x028062c0+0x698]
j  java.awt.EventDispatchThread.pumpEventsForFilter(ILjava/awt/Conditional;Ljava/awt/EventFilter;)V+35
j  java.awt.EventDispatchThread.pumpEventsForHierarchy(ILjava/awt/Conditional;Ljava/awt/Component;)V+11
j  java.awt.EventDispatchThread.pumpEvents(ILjava/awt/Conditional;)V+4
j  java.awt.EventDispatchThread.pumpEvents(Ljava/awt/Conditional;)V+3
j  java.awt.EventDispatchThread.run()V+9
v  ~StubRoutines::call_stub

---------------  P R O C E S S  ---------------

Java Threads: ( => current thread )
  0x15def000 JavaThread "D3D Screen Updater" daemon [_thread_blocked, id=5008, stack(0x195e0000,0x19630000)]
  0x0225bc00 JavaThread "DestroyJavaVM" [_thread_blocked, id=6052, stack(0x004a0000,0x004f0000)]
=>0x15d15400 JavaThread "AWT-EventQueue-0" [_thread_in_native, id=5652, stack(0x15eb0000,0x15f00000)]
  0x15d14000 JavaThread "AWT-Windows" daemon [_thread_in_native, id=4492, stack(0x16190000,0x161e0000)]
  0x15d13800 JavaThread "AWT-Shutdown" [_thread_blocked, id=4300, stack(0x15fa0000,0x15ff0000)]
  0x15d0ec00 JavaThread "Java2D Disposer" daemon [_thread_blocked, id=4996, stack(0x15f20000,0x15f70000)]
  0x02164c00 JavaThread "Service Thread" daemon [_thread_blocked, id=5872, stack(0x15450000,0x154a0000)]
  0x02137c00 JavaThread "C1 CompilerThread0" daemon [_thread_blocked, id=788, stack(0x02200000,0x02250000)]
  0x02136c00 JavaThread "Attach Listener" daemon [_thread_blocked, id=2088, stack(0x14970000,0x149c0000)]
  0x02133c00 JavaThread "Signal Dispatcher" daemon [_thread_blocked, id=3132, stack(0x153c0000,0x15410000)]
  0x020d0800 JavaThread "Finalizer" daemon [_thread_blocked, id=3432, stack(0x00280000,0x002d0000)]
  0x020cb800 JavaThread "Reference Handler" daemon [_thread_blocked, id=5712, stack(0x02300000,0x02350000)]

Other Threads:
  0x020c9400 VMThread [stack: 0x14800000,0x14850000] [id=1736]
  0x02169c00 WatcherThread [stack: 0x15c40000,0x15c90000] [id=5376]

VM state:not at safepoint (normal execution)

VM Mutex/Monitor currently owned by a thread: None

Heap:
 def new generation   total 4928K, used 1604K [0x04800000, 0x04d50000, 0x09d50000)
  eden space 4416K,  24% used [0x04800000, 0x049113c8, 0x04c50000)
  from space 512K, 100% used [0x04cd0000, 0x04d50000, 0x04d50000)
  to   space 512K,   0% used [0x04c50000, 0x04c50000, 0x04cd0000)
 tenured generation   total 10944K, used 1045K [0x09d50000, 0x0a800000, 0x14800000)
   the space 10944K,   9% used [0x09d50000, 0x09e55420, 0x09e55600, 0x0a800000)
 Metaspace       used 1191K, capacity 2435K, committed 2496K, reserved 4480K

Card table byte_map: [0x02260000,0x022f0000] byte_map_base: 0x0223c000

Polling page: 0x001d0000

CodeCache: size=32768Kb used=1055Kb max_used=1055Kb free=31712Kb
 bounds [0x02720000, 0x02828000, 0x04720000]
 total_blobs=551 nmethods=319 adapters=164
 compilation: enabled

Compilation events (10 events):
Event: 8.395 Thread 0x02137c00  315             java.awt.EventDispatchThread$1::evaluate (2 bytes)
Event: 8.395 Thread 0x02137c00 nmethod 315 0x028274c8 code [0x028275c0, 0x02827640]
Event: 8.411 Thread 0x02137c00  316             java.awt.Container$MouseEventTargetFilter::accept (66 bytes)
Event: 8.412 Thread 0x02137c00 nmethod 316 0x02827688 code [0x02827780, 0x028278b0]
Event: 8.647 Thread 0x02137c00  317             java.awt.event.InputEvent::consume (6 bytes)
Event: 8.647 Thread 0x02137c00 nmethod 317 0x02827908 code [0x02827a00, 0x02827a80]
Event: 9.312 Thread 0x02137c00  318             java.awt.Component::isVisible_NoClientCode (5 bytes)
Event: 9.312 Thread 0x02137c00 nmethod 318 0x02827ac8 code [0x02827bc0, 0x02827c40]
Event: 9.312 Thread 0x02137c00  319             java.awt.Component::isVisible (5 bytes)
Event: 9.313 Thread 0x02137c00 nmethod 319 0x02827c88 code [0x02827d80, 0x02827e00]

GC Heap History (2 events):
Event: 2.457 GC heap before
{Heap before GC invocations=0 (full 0):
 def new generation   total 4928K, used 4416K [0x04800000, 0x04d50000, 0x09d50000)
  eden space 4416K, 100% used [0x04800000, 0x04c50000, 0x04c50000)
  from space 512K,   0% used [0x04c50000, 0x04c50000, 0x04cd0000)
  to   space 512K,   0% used [0x04cd0000, 0x04cd0000, 0x04d50000)
 tenured generation   total 10944K, used 0K [0x09d50000, 0x0a800000, 0x14800000)
   the space 10944K,   0% used [0x09d50000, 0x09d50000, 0x09d50200, 0x0a800000)
 Metaspace       used 1007K, capacity 2435K, committed 2496K, reserved 4480K
Event: 2.465 GC heap after
Heap after GC invocations=1 (full 0):
 def new generation   total 4928K, used 512K [0x04800000, 0x04d50000, 0x09d50000)
  eden space 4416K,   0% used [0x04800000, 0x04800000, 0x04c50000)
  from space 512K, 100% used [0x04cd0000, 0x04d50000, 0x04d50000)
  to   space 512K,   0% used [0x04c50000, 0x04c50000, 0x04cd0000)
 tenured generation   total 10944K, used 1045K [0x09d50000, 0x0a800000, 0x14800000)
   the space 10944K,   9% used [0x09d50000, 0x09e55420, 0x09e55600, 0x0a800000)
 Metaspace       used 1007K, capacity 2435K, committed 2496K, reserved 4480K
}

Deoptimization events (0 events):
No events

Internal exceptions (10 events):
Event: 0.210 Thread 0x15d15400 Exception <a 'java/security/PrivilegedActionException'> (0x04b2d8b8) thrown at [D:\re\workspace\8-2-build-windows-i586-cygwin\jdk8u5\2488\hotspot\src\share\vm\prims\jvm.cpp, line 1248]
Event: 0.212 Thread 0x15d15400 Exception <a 'java/security/PrivilegedActionException'> (0x04b3d7b8) thrown at [D:\re\workspace\8-2-build-windows-i586-cygwin\jdk8u5\2488\hotspot\src\share\vm\prims\jvm.cpp, line 1248]
Event: 0.212 Thread 0x15d15400 Exception <a 'java/security/PrivilegedActionException'> (0x04b3efc8) thrown at [D:\re\workspace\8-2-build-windows-i586-cygwin\jdk8u5\2488\hotspot\src\share\vm\prims\jvm.cpp, line 1248]
Event: 0.213 Thread 0x15d15400 Exception <a 'java/security/PrivilegedActionException'> (0x04b401f8) thrown at [D:\re\workspace\8-2-build-windows-i586-cygwin\jdk8u5\2488\hotspot\src\share\vm\prims\jvm.cpp, line 1248]
Event: 0.213 Thread 0x15d15400 Exception <a 'java/security/PrivilegedActionException'> (0x04b41430) thrown at [D:\re\workspace\8-2-build-windows-i586-cygwin\jdk8u5\2488\hotspot\src\share\vm\prims\jvm.cpp, line 1248]
Event: 0.496 Thread 0x15d15400 Exception <a 'java/security/PrivilegedActionException'> (0x04b93ef8) thrown at [D:\re\workspace\8-2-build-windows-i586-cygwin\jdk8u5\2488\hotspot\src\share\vm\prims\jvm.cpp, line 1248]
Event: 0.504 Thread 0x15d15400 Exception <a 'java/security/PrivilegedActionException'> (0x04bab7b8) thrown at [D:\re\workspace\8-2-build-windows-i586-cygwin\jdk8u5\2488\hotspot\src\share\vm\prims\jvm.cpp, line 1248]
Event: 2.456 Thread 0x15d15400 Exception <a 'java/security/PrivilegedActionException'> (0x04c4da00) thrown at [D:\re\workspace\8-2-build-windows-i586-cygwin\jdk8u5\2488\hotspot\src\share\vm\prims\jvm.cpp, line 1248]
Event: 2.456 Thread 0x15d15400 Exception <a 'java/security/PrivilegedActionException'> (0x04c4ee90) thrown at [D:\re\workspace\8-2-build-windows-i586-cygwin\jdk8u5\2488\hotspot\src\share\vm\prims\jvm.cpp, line 1248]
Event: 7.425 Thread 0x15d15400 Exception <a 'java/security/PrivilegedActionException'> (0x048c9b68) thrown at [D:\re\workspace\8-2-build-windows-i586-cygwin\jdk8u5\2488\hotspot\src\share\vm\prims\jvm.cpp, line 1248]

Events (10 events):
Event: 7.422 loading class java/awt/KeyboardFocusManager$2 done
Event: 7.422 loading class sun/awt/SunToolkit$1
Event: 7.422 loading class sun/awt/SunToolkit$1 done
Event: 7.425 loading class f치jlrendszer/main/F치jlt칤pus
Event: 7.425 loading class f치jlrendszer/main/F치jlt칤pus done
Event: 9.302 Thread 0x15d94800 Thread exited: 0x15d94800
Event: 9.312 loading class javax/swing/event/TreeWillExpandListener
Event: 9.312 loading class javax/swing/event/TreeWillExpandListener done
Event: 9.312 loading class javax/swing/event/TreeExpansionEvent
Event: 9.312 loading class javax/swing/event/TreeExpansionEvent done


Dynamic libraries:
0x00250000 - 0x00280000 	C:\Program Files (x86)\Java\jre8\bin\javaw.exe
0x776b0000 - 0x77830000 	C:\Windows\SysWOW64\ntdll.dll
0x757d0000 - 0x758e0000 	C:\Windows\syswow64\kernel32.dll
0x75c80000 - 0x75cc7000 	C:\Windows\syswow64\KERNELBASE.dll
0x75980000 - 0x75a20000 	C:\Windows\syswow64\ADVAPI32.dll
0x75cd0000 - 0x75d7c000 	C:\Windows\syswow64\msvcrt.dll
0x75e80000 - 0x75e99000 	C:\Windows\SysWOW64\sechost.dll
0x75d80000 - 0x75e70000 	C:\Windows\syswow64\RPCRT4.dll
0x750e0000 - 0x75140000 	C:\Windows\syswow64\SspiCli.dll
0x750d0000 - 0x750dc000 	C:\Windows\syswow64\CRYPTBASE.dll
0x75a20000 - 0x75b20000 	C:\Windows\syswow64\USER32.dll
0x758e0000 - 0x75970000 	C:\Windows\syswow64\GDI32.dll
0x75620000 - 0x7562a000 	C:\Windows\syswow64\LPK.dll
0x76180000 - 0x7621d000 	C:\Windows\syswow64\USP10.dll
0x70fd0000 - 0x7116e000 	C:\Windows\WinSxS\x86_microsoft.windows.common-controls_6595b64144ccf1df_6.0.7601.17514_none_41e6975e2bd6f2b2\COMCTL32.dll
0x76220000 - 0x76277000 	C:\Windows\syswow64\SHLWAPI.dll
0x75bf0000 - 0x75c50000 	C:\Windows\system32\IMM32.DLL
0x75360000 - 0x7542c000 	C:\Windows\syswow64\MSCTF.dll
0x5a0a0000 - 0x5a15f000 	C:\Program Files (x86)\Java\jre8\bin\msvcr100.dll
0x59d00000 - 0x5a096000 	C:\Program Files (x86)\Java\jre8\bin\client\jvm.dll
0x723d0000 - 0x723d7000 	C:\Windows\system32\WSOCK32.dll
0x76130000 - 0x76165000 	C:\Windows\syswow64\WS2_32.dll
0x76170000 - 0x76176000 	C:\Windows\syswow64\NSI.dll
0x74c50000 - 0x74c82000 	C:\Windows\system32\WINMM.dll
0x75be0000 - 0x75be5000 	C:\Windows\syswow64\PSAPI.DLL
0x5c0a0000 - 0x5c0ac000 	C:\Program Files (x86)\Java\jre8\bin\verify.dll
0x5aaf0000 - 0x5ab11000 	C:\Program Files (x86)\Java\jre8\bin\java.dll
0x5aaa0000 - 0x5aab3000 	C:\Program Files (x86)\Java\jre8\bin\zip.dll
0x76500000 - 0x7714a000 	C:\Windows\syswow64\SHELL32.dll
0x75430000 - 0x7558c000 	C:\Windows\syswow64\ole32.dll
0x737b0000 - 0x737bb000 	C:\Windows\system32\profapi.dll
0x59bb0000 - 0x59cf5000 	C:\Program Files (x86)\Java\jre8\bin\awt.dll
0x75eb0000 - 0x75f3f000 	C:\Windows\syswow64\OLEAUT32.dll
0x6f6f0000 - 0x6f770000 	C:\Windows\system32\uxtheme.dll
0x6f5d0000 - 0x6f5e1000 	C:\ProgramData\RealNetworks\RealDownloader\BrowserPlugins\Chrome\Hook\rndlchrome10browserrecordhelper.dll
0x74f90000 - 0x74ff9000 	C:\Windows\system32\MSVCP100.dll
0x72b00000 - 0x72b13000 	C:\Windows\system32\dwmapi.dll
0x64b70000 - 0x64d33000 	C:\Windows\system32\d3d9.dll
0x74eb0000 - 0x74eb9000 	C:\Windows\system32\VERSION.dll
0x72810000 - 0x72816000 	C:\Windows\system32\d3d8thk.dll
0x699d0000 - 0x69ae0000 	C:\Windows\system32\aticfx32.dll
0x727d0000 - 0x727eb000 	C:\Windows\system32\atiu9pag.dll
0x64090000 - 0x646df000 	C:\Windows\system32\atiumdag.dll
0x65160000 - 0x6594e000 	C:\Windows\system32\atiumdva.dll
0x59b90000 - 0x59ba2000 	D:\Munka\Egyetem\git\Fajlrendszer-local\Fajlrendszer\bin\filesystem.dll
0x59b50000 - 0x59b89000 	C:\Program Files (x86)\Java\jre8\bin\fontmanager.dll
0x59b30000 - 0x59b44000 	C:\Program Files (x86)\Java\jre8\bin\net.dll
0x72360000 - 0x7239c000 	C:\Windows\system32\mswsock.dll
0x6fac0000 - 0x6fac6000 	C:\Windows\System32\wship6.dll
0x59b20000 - 0x59b2f000 	C:\Program Files (x86)\Java\jre8\bin\nio.dll
0x59af0000 - 0x59b20000 	C:\Program Files (x86)\Java\jre8\bin\t2k.dll
0x75b30000 - 0x75bb3000 	C:\Windows\syswow64\CLBCatQ.DLL
0x729d0000 - 0x72b00000 	C:\Windows\system32\WindowsCodecs.dll
0x6fc80000 - 0x6fccc000 	C:\Windows\system32\apphelp.dll
0x5e0b0000 - 0x5e0d2000 	C:\Users\Dani\AppData\Roaming\Dropbox\bin\DropboxExt.22.dll
0x61d00000 - 0x61deb000 	C:\Windows\system32\dbghelp.dll
0x73620000 - 0x736ae000 	C:\Windows\WinSxS\x86_microsoft.vc90.crt_1fc8b3b9a1e18e3b_9.0.30729.6161_none_50934f2ebcb7eb57\MSVCP90.dll
0x708e0000 - 0x70983000 	C:\Windows\WinSxS\x86_microsoft.vc90.crt_1fc8b3b9a1e18e3b_9.0.30729.6161_none_50934f2ebcb7eb57\MSVCR90.dll
0x15f70000 - 0x15f97000 	C:\Windows\SysWOW64\CbFsMntNtf3.dll
0x723c0000 - 0x723cd000 	C:\Windows\SysWOW64\WTSAPI32.dll
0x5de10000 - 0x5de41000 	C:\Windows\system32\EhStorShell.dll
0x75630000 - 0x757cd000 	C:\Windows\syswow64\SETUPAPI.dll
0x75c50000 - 0x75c77000 	C:\Windows\syswow64\CFGMGR32.dll
0x77290000 - 0x772a2000 	C:\Windows\syswow64\DEVOBJ.dll
0x72820000 - 0x72915000 	C:\Windows\system32\PROPSYS.dll
0x5dda0000 - 0x5de10000 	C:\Windows\system32\ntshrui.dll
0x70aa0000 - 0x70ab9000 	C:\Windows\system32\srvcli.dll
0x5e050000 - 0x5e05b000 	C:\Windows\system32\cscapi.dll
0x5e040000 - 0x5e04a000 	C:\Windows\system32\slc.dll
0x72db0000 - 0x72e26000 	C:\Windows\system32\RICHED20.DLL

VM Arguments:
jvm_args: -Dfile.encoding=Cp1250 
java_command: F更lrendszerMain
java_class_path (initial): D:\Munka\Egyetem\git\Fajlrendszer-local\Fajlrendszer\bin
Launcher Type: SUN_STANDARD

Environment Variables:
PATH=C:\Windows\system32;C:\Windows;C:\Windows\System32\Wbem;C:\Windows\System32\WindowsPowerShell\v1.0\;C:\Program Files (x86)\ATI Technologies\ATI.ACE\Core-Static;C:\MinGW\bin;C:\Program Files (x86)\QuickTime\QTSystem\
USERNAME=Dani
OS=Windows_NT
PROCESSOR_IDENTIFIER=Intel64 Family 6 Model 58 Stepping 9, GenuineIntel



---------------  S Y S T E M  ---------------

OS: Windows 7 , 64 bit Build 7601 Service Pack 1

CPU:total 8 (4 cores per cpu, 2 threads per core) family 6 model 58 stepping 9, cmov, cx8, fxsr, mmx, sse, sse2, sse3, ssse3, sse4.1, sse4.2, popcnt, avx, aes, clmul, erms, ht, tsc, tscinvbit

Memory: 4k page, physical 8337352k(4937164k free), swap 16672840k(12897688k free)

vm_info: Java HotSpot(TM) Client VM (25.5-b02) for windows-x86 JRE (1.8.0_05-b13), built on Mar 18 2014 01:14:47 by "java_re" with MS VC++ 10.0 (VS2010)

time: Sat May 10 21:29:05 2014
elapsed time: 9 seconds

